# Introduction
Materials for Salt training and lab contents from SSYS.

# Lab environment
| Host | Endereço IP | Usuário/Senha | Sistema operacional |
| :---: | :---: | :---: | :---: |
| master | 192.168.1.10 | root/linux<br>ubuntu/linux | Ubuntu 20 LTS |
| minion1 | 192.168.1.11 | root/linux<br>ubuntu/linux | Ubuntu 20 LTS |
| minion2 | 192.168.1.12 | root/linux<br>ubuntu/linux | Ubuntu 20 LTS |
| minion3 | 192.168.1.13 | root/linux<br>ubuntu/linux | Ubuntu 18 LTS |
| minion4 | 192.168.1.14 | root/linux | CentOS 7 |
| minion5 | 192.168.1.15 | root/linux | OpenSUSE Leap 15.2 |
| minion6 | 192.168.1.16 | Administrator/Passw0rd | Microsoft Windows 2019 Standard |
